<?xml version="1.0" encoding="UTF-8"?>
<!-- Generated by org.testng.reporters.JUnitXMLReporter -->
<testsuite ignored="1" hostname="Apoorvas-MacBook-Pro.local" failures="0" tests="3" name="Regression Test cases" time="224.286" errors="0" timestamp="2022-04-10T00:30:58 IST">
  <testcase classname="com.eagle.TestCases.LoginRegression" name="VerifyLoginPage_Test" time="97.062"/>
  <testcase classname="com.eagle.TestCases.SetRegression" name="DeletedSetSearch_NonOwner_Test" time="22.822"/>
  <testcase classname="com.eagle.TestCases.SetRegression" name="VerifyEntries_Test" time="89.707"/>
  <testcase classname="com.eagle.TestCases.BaseTestRegression" name="@AfterSuite closeApplication" time="0.0">
    <ignored/>
  </testcase> <!-- @AfterSuite closeApplication -->
</testsuite> <!-- Regression Test cases -->
